<?xml version="1.0" encoding="UTF-8"?>
<!-- Generated by org.testng.reporters.JUnitXMLReporter -->
<testsuite ignored="1" hostname="DESKTOP-NH8VQT3" failures="0" tests="1" name="Default test" time="27.487" errors="0" timestamp="2024-05-15T17:58:17 IST">
  <testcase classname="com.test.JavaTestPrograms" name="removeDuplicateString" time="27.432"/>
  <testcase classname="com.test.JavaTestPrograms" name="reverseString" time="0.0">
    <ignored/>
  </testcase> <!-- reverseString -->
</testsuite> <!-- Default test -->
