<?xml version="1.0" encoding="UTF-8"?>
<testng-results ignored="1" total="2" passed="1" failed="0" skipped="0">
  <reporter-output>
  </reporter-output>
  <suite started-at="2024-05-15T17:57:49 IST" name="Default suite" finished-at="2024-05-15T17:58:17 IST" duration-ms="27487">
    <groups>
    </groups>
    <test started-at="2024-05-15T17:57:49 IST" name="Default test" finished-at="2024-05-15T17:58:17 IST" duration-ms="27487">
      <class name="com.test.JavaTestPrograms">
        <test-method signature="removeDuplicateString()[pri:0, instance:com.test.JavaTestPrograms@9597028]" started-at="2024-05-15T17:57:49 IST" name="removeDuplicateString" finished-at="2024-05-15T17:58:17 IST" duration-ms="27432" status="PASS">
          <reporter-output>
          </reporter-output>
        </test-method> <!-- removeDuplicateString -->
      </class> <!-- com.test.JavaTestPrograms -->
    </test> <!-- Default test -->
  </suite> <!-- Default suite -->
</testng-results>
